La génération a démarré 01/09/2015 18:01:33.
     1>Projet "C:\Users\f.fournel\Documents\Visual Studio 2013\Projects\CollisionEngine\Libs\freetype-2.4.10\builds\win32\visualc\freetype.vcxproj" sur le nœud 2 (Build cible(s)).
     1>ClCompile:
         C:\Program Files (x86)\Microsoft Visual Studio 12.0\VC\bin\CL.exe /c /I..\..\..\include /nologo /W4 /WX- /O2 /Ob1 /Oy- /D NDEBUG /D WIN32 /D _LIB /D FT2_BUILD_LIBRARY /D _VC80_UPGRADE=0x0710 /D _MBCS /GF /Gm- /EHsc /MD /GS /Gy /fp:precise /Za /Zc:wchar_t /Zc:forScope /Fo".\..\..\..\objs\release/" /Fd".\..\..\..\objs\release/" /Gd /TC /analyze- /errorReport:prompt ..\..\..\src\autofit\autofit.c ..\..\..\src\base\ftbase.c ..\..\..\src\base\ftbbox.c ..\..\..\src\base\ftbitmap.c ..\..\..\src\base\ftfstype.c ..\..\..\src\base\ftgasp.c ..\..\..\src\base\ftglyph.c ..\..\..\src\base\ftgxval.c ..\..\..\src\base\ftinit.c ..\..\..\src\base\ftlcdfil.c ..\..\..\src\base\ftmm.c ..\..\..\src\base\ftotval.c ..\..\..\src\base\ftpatent.c ..\..\..\src\base\ftpfr.c ..\..\..\src\base\ftstroke.c ..\..\..\src\base\ftsynth.c ..\..\..\src\base\ftsystem.c ..\..\..\src\base\fttype1.c ..\..\..\src\base\ftwinfnt.c ..\..\..\src\base\ftxf86.c ..\..\..\src\bdf\bdf.c ..\..\..\src\cache\ftcache.c ..\..\..\src\cff\cff.c ..\..\..\src\cid\type1cid.c ..\..\..\src\gzip\ftgzip.c ..\..\..\src\lzw\ftlzw.c ..\..\..\src\pcf\pcf.c ..\..\..\src\pfr\pfr.c ..\..\..\src\psaux\psaux.c ..\..\..\src\pshinter\pshinter.c ..\..\..\src\psnames\psmodule.c ..\..\..\src\raster\raster.c ..\..\..\src\sfnt\sfnt.c ..\..\..\src\smooth\smooth.c ..\..\..\src\truetype\truetype.c ..\..\..\src\type1\type1.c ..\..\..\src\type42\type42.c ..\..\..\src\winfonts\winfnt.c
         autofit.c
     1>C:\Program Files (x86)\Microsoft Visual Studio 12.0\VC\include\sal.h(156): warning C4001: extension non standard "commentaire sur une seule ligne" utilisée
         ftbase.c
     1>C:\Program Files (x86)\Microsoft Visual Studio 12.0\VC\include\sal.h(156): warning C4001: extension non standard "commentaire sur une seule ligne" utilisée
     1>c:\users\f.fournel\documents\visual studio 2013\projects\collisionengine\libs\freetype-2.4.10\src\base\ftrfork.c(798): warning C4996: 'strncpy': This function or variable may be unsafe. Consider using strncpy_s instead. To disable deprecation, use _CRT_SECURE_NO_WARNINGS. See online help for details.
                 C:\Program Files (x86)\Microsoft Visual Studio 12.0\VC\include\string.h(195) : voir la déclaration de 'strncpy'
     1>c:\users\f.fournel\documents\visual studio 2013\projects\collisionengine\libs\freetype-2.4.10\src\base\ftrfork.c(808): warning C4996: 'strcat': This function or variable may be unsafe. Consider using strcat_s instead. To disable deprecation, use _CRT_SECURE_NO_WARNINGS. See online help for details.
     1>c:\users\f.fournel\documents\visual studio 2013\projects\collisionengine\libs\freetype-2.4.10\src\base\ftrfork.c(809): warning C4996: 'strcat': This function or variable may be unsafe. Consider using strcat_s instead. To disable deprecation, use _CRT_SECURE_NO_WARNINGS. See online help for details.
         ftbbox.c
     1>C:\Program Files (x86)\Microsoft Visual Studio 12.0\VC\include\sal.h(156): warning C4001: extension non standard "commentaire sur une seule ligne" utilisée
         ftbitmap.c
     1>C:\Program Files (x86)\Microsoft Visual Studio 12.0\VC\include\sal.h(156): warning C4001: extension non standard "commentaire sur une seule ligne" utilisée
         ftfstype.c
     1>C:\Program Files (x86)\Microsoft Visual Studio 12.0\VC\include\sal.h(156): warning C4001: extension non standard "commentaire sur une seule ligne" utilisée
         ftgasp.c
     1>C:\Program Files (x86)\Microsoft Visual Studio 12.0\VC\include\sal.h(156): warning C4001: extension non standard "commentaire sur une seule ligne" utilisée
         ftglyph.c
     1>C:\Program Files (x86)\Microsoft Visual Studio 12.0\VC\include\sal.h(156): warning C4001: extension non standard "commentaire sur une seule ligne" utilisée
         ftgxval.c
     1>C:\Program Files (x86)\Microsoft Visual Studio 12.0\VC\include\sal.h(156): warning C4001: extension non standard "commentaire sur une seule ligne" utilisée
         ftinit.c
     1>C:\Program Files (x86)\Microsoft Visual Studio 12.0\VC\include\sal.h(156): warning C4001: extension non standard "commentaire sur une seule ligne" utilisée
         ftlcdfil.c
     1>C:\Program Files (x86)\Microsoft Visual Studio 12.0\VC\include\sal.h(156): warning C4001: extension non standard "commentaire sur une seule ligne" utilisée
         ftmm.c
     1>C:\Program Files (x86)\Microsoft Visual Studio 12.0\VC\include\sal.h(156): warning C4001: extension non standard "commentaire sur une seule ligne" utilisée
         ftotval.c
     1>C:\Program Files (x86)\Microsoft Visual Studio 12.0\VC\include\sal.h(156): warning C4001: extension non standard "commentaire sur une seule ligne" utilisée
         ftpatent.c
     1>C:\Program Files (x86)\Microsoft Visual Studio 12.0\VC\include\sal.h(156): warning C4001: extension non standard "commentaire sur une seule ligne" utilisée
         ftpfr.c
     1>C:\Program Files (x86)\Microsoft Visual Studio 12.0\VC\include\sal.h(156): warning C4001: extension non standard "commentaire sur une seule ligne" utilisée
         ftstroke.c
     1>C:\Program Files (x86)\Microsoft Visual Studio 12.0\VC\include\sal.h(156): warning C4001: extension non standard "commentaire sur une seule ligne" utilisée
         ftsynth.c
     1>C:\Program Files (x86)\Microsoft Visual Studio 12.0\VC\include\sal.h(156): warning C4001: extension non standard "commentaire sur une seule ligne" utilisée
         ftsystem.c
     1>C:\Program Files (x86)\Microsoft Visual Studio 12.0\VC\include\sal.h(156): warning C4001: extension non standard "commentaire sur une seule ligne" utilisée
     1>..\..\..\src\base\ftsystem.c(240): warning C4996: 'fopen': This function or variable may be unsafe. Consider using fopen_s instead. To disable deprecation, use _CRT_SECURE_NO_WARNINGS. See online help for details.
                 C:\Program Files (x86)\Microsoft Visual Studio 12.0\VC\include\stdio.h(211) : voir la déclaration de 'fopen'
         fttype1.c
     1>C:\Program Files (x86)\Microsoft Visual Studio 12.0\VC\include\sal.h(156): warning C4001: extension non standard "commentaire sur une seule ligne" utilisée
         ftwinfnt.c
     1>C:\Program Files (x86)\Microsoft Visual Studio 12.0\VC\include\sal.h(156): warning C4001: extension non standard "commentaire sur une seule ligne" utilisée
         ftxf86.c
     1>C:\Program Files (x86)\Microsoft Visual Studio 12.0\VC\include\sal.h(156): warning C4001: extension non standard "commentaire sur une seule ligne" utilisée
         Génération de code en cours...
         Compilation en cours...
         bdf.c
     1>C:\Program Files (x86)\Microsoft Visual Studio 12.0\VC\include\sal.h(156): warning C4001: extension non standard "commentaire sur une seule ligne" utilisée
     1>c:\users\f.fournel\documents\visual studio 2013\projects\collisionengine\libs\freetype-2.4.10\src\bdf\bdflib.c(1162): warning C4100: 'lineno' : paramètre formel non référencé
     1>c:\users\f.fournel\documents\visual studio 2013\projects\collisionengine\libs\freetype-2.4.10\src\bdf\bdflib.c(1295): warning C4100: 'lineno' : paramètre formel non référencé
     1>c:\users\f.fournel\documents\visual studio 2013\projects\collisionengine\libs\freetype-2.4.10\src\bdf\bdflib.c(1982): warning C4996: 'sprintf': This function or variable may be unsafe. Consider using sprintf_s instead. To disable deprecation, use _CRT_SECURE_NO_WARNINGS. See online help for details.
                 C:\Program Files (x86)\Microsoft Visual Studio 12.0\VC\include\stdio.h(356) : voir la déclaration de 'sprintf'
     1>c:\users\f.fournel\documents\visual studio 2013\projects\collisionengine\libs\freetype-2.4.10\src\bdf\bdflib.c(1995): warning C4996: 'sprintf': This function or variable may be unsafe. Consider using sprintf_s instead. To disable deprecation, use _CRT_SECURE_NO_WARNINGS. See online help for details.
                 C:\Program Files (x86)\Microsoft Visual Studio 12.0\VC\include\stdio.h(356) : voir la déclaration de 'sprintf'
     1>c:\users\f.fournel\documents\visual studio 2013\projects\collisionengine\libs\freetype-2.4.10\src\bdf\bdflib.c(2317): warning C4996: 'sprintf': This function or variable may be unsafe. Consider using sprintf_s instead. To disable deprecation, use _CRT_SECURE_NO_WARNINGS. See online help for details.
                 C:\Program Files (x86)\Microsoft Visual Studio 12.0\VC\include\stdio.h(356) : voir la déclaration de 'sprintf'
     1>c:\users\f.fournel\documents\visual studio 2013\projects\collisionengine\libs\freetype-2.4.10\src\bdf\bdflib.c(2325): warning C4996: 'sprintf': This function or variable may be unsafe. Consider using sprintf_s instead. To disable deprecation, use _CRT_SECURE_NO_WARNINGS. See online help for details.
                 C:\Program Files (x86)\Microsoft Visual Studio 12.0\VC\include\stdio.h(356) : voir la déclaration de 'sprintf'
         ftcache.c
     1>C:\Program Files (x86)\Microsoft Visual Studio 12.0\VC\include\sal.h(156): warning C4001: extension non standard "commentaire sur une seule ligne" utilisée
         cff.c
     1>C:\Program Files (x86)\Microsoft Visual Studio 12.0\VC\include\sal.h(156): warning C4001: extension non standard "commentaire sur une seule ligne" utilisée
         type1cid.c
     1>C:\Program Files (x86)\Microsoft Visual Studio 12.0\VC\include\sal.h(156): warning C4001: extension non standard "commentaire sur une seule ligne" utilisée
         ftgzip.c
     1>C:\Program Files (x86)\Microsoft Visual Studio 12.0\VC\include\sal.h(156): warning C4001: extension non standard "commentaire sur une seule ligne" utilisée
         ftlzw.c
     1>C:\Program Files (x86)\Microsoft Visual Studio 12.0\VC\include\sal.h(156): warning C4001: extension non standard "commentaire sur une seule ligne" utilisée
         pcf.c
     1>C:\Program Files (x86)\Microsoft Visual Studio 12.0\VC\include\sal.h(156): warning C4001: extension non standard "commentaire sur une seule ligne" utilisée
         pfr.c
     1>C:\Program Files (x86)\Microsoft Visual Studio 12.0\VC\include\sal.h(156): warning C4001: extension non standard "commentaire sur une seule ligne" utilisée
         psaux.c
     1>C:\Program Files (x86)\Microsoft Visual Studio 12.0\VC\include\sal.h(156): warning C4001: extension non standard "commentaire sur une seule ligne" utilisée
         pshinter.c
     1>C:\Program Files (x86)\Microsoft Visual Studio 12.0\VC\include\sal.h(156): warning C4001: extension non standard "commentaire sur une seule ligne" utilisée
         psmodule.c
     1>C:\Program Files (x86)\Microsoft Visual Studio 12.0\VC\include\sal.h(156): warning C4001: extension non standard "commentaire sur une seule ligne" utilisée
         raster.c
     1>C:\Program Files (x86)\Microsoft Visual Studio 12.0\VC\include\sal.h(156): warning C4001: extension non standard "commentaire sur une seule ligne" utilisée
         sfnt.c
     1>C:\Program Files (x86)\Microsoft Visual Studio 12.0\VC\include\sal.h(156): warning C4001: extension non standard "commentaire sur une seule ligne" utilisée
         smooth.c
     1>C:\Program Files (x86)\Microsoft Visual Studio 12.0\VC\include\sal.h(156): warning C4001: extension non standard "commentaire sur une seule ligne" utilisée
         truetype.c
     1>C:\Program Files (x86)\Microsoft Visual Studio 12.0\VC\include\sal.h(156): warning C4001: extension non standard "commentaire sur une seule ligne" utilisée
         type1.c
     1>C:\Program Files (x86)\Microsoft Visual Studio 12.0\VC\include\sal.h(156): warning C4001: extension non standard "commentaire sur une seule ligne" utilisée
         type42.c
     1>C:\Program Files (x86)\Microsoft Visual Studio 12.0\VC\include\sal.h(156): warning C4001: extension non standard "commentaire sur une seule ligne" utilisée
         winfnt.c
     1>C:\Program Files (x86)\Microsoft Visual Studio 12.0\VC\include\sal.h(156): warning C4001: extension non standard "commentaire sur une seule ligne" utilisée
         Génération de code en cours...
         C:\Program Files (x86)\Microsoft Visual Studio 12.0\VC\bin\CL.exe /c /I..\..\..\include /nologo /W4 /WX- /O2 /Ob1 /Oy- /D NDEBUG /D WIN32 /D _LIB /D FT2_BUILD_LIBRARY /D _VC80_UPGRADE=0x0710 /D _MBCS /GF /Gm- /EHsc /MD /GS /Gy /fp:precise /Zc:wchar_t /Zc:forScope /Fo".\..\..\..\objs\release/" /Fd".\..\..\..\objs\release/" /Gd /TC /analyze- /errorReport:prompt ..\ftdebug.c
         ftdebug.c
     1>C:\Program Files (x86)\MSBuild\Microsoft.Cpp\v4.0\V120\Microsoft.CppBuild.targets(1361,5): warning MSB8012: TargetPath(C:\Users\f.fournel\Documents\Visual Studio 2013\Projects\CollisionEngine\Libs\freetype-2.4.10\builds\win32\visualc\.\..\..\..\objs\release\freetype.lib) does not match the Library's OutputFile property value (C:\Users\f.fournel\Documents\Visual Studio 2013\Projects\CollisionEngine\Libs\freetype-2.4.10\objs\freetype2410.lib). This may cause your project to build incorrectly. To correct this, please make sure that $(OutDir), $(TargetName) and $(TargetExt) property values match the value specified in %(Lib.OutputFile).
     1>C:\Program Files (x86)\MSBuild\Microsoft.Cpp\v4.0\V120\Microsoft.CppBuild.targets(1363,5): warning MSB8012: TargetName(freetype) does not match the Library's OutputFile property value (freetype2410). This may cause your project to build incorrectly. To correct this, please make sure that $(OutDir), $(TargetName) and $(TargetExt) property values match the value specified in %(Lib.OutputFile).
       Lib:
         C:\Program Files (x86)\Microsoft Visual Studio 12.0\VC\bin\Lib.exe /OUT:"..\..\..\objs\freetype2410.lib" /NOLOGO .\..\..\..\objs\release/autofit.obj
         .\..\..\..\objs\release/ftbase.obj
         .\..\..\..\objs\release/ftbbox.obj
         .\..\..\..\objs\release/ftbitmap.obj
         .\..\..\..\objs\release/ftfstype.obj
         .\..\..\..\objs\release/ftgasp.obj
         .\..\..\..\objs\release/ftglyph.obj
         .\..\..\..\objs\release/ftgxval.obj
         .\..\..\..\objs\release/ftinit.obj
         .\..\..\..\objs\release/ftlcdfil.obj
         .\..\..\..\objs\release/ftmm.obj
         .\..\..\..\objs\release/ftotval.obj
         .\..\..\..\objs\release/ftpatent.obj
         .\..\..\..\objs\release/ftpfr.obj
         .\..\..\..\objs\release/ftstroke.obj
         .\..\..\..\objs\release/ftsynth.obj
         .\..\..\..\objs\release/ftsystem.obj
         .\..\..\..\objs\release/fttype1.obj
         .\..\..\..\objs\release/ftwinfnt.obj
         .\..\..\..\objs\release/ftxf86.obj
         .\..\..\..\objs\release/bdf.obj
         .\..\..\..\objs\release/ftcache.obj
         .\..\..\..\objs\release/cff.obj
         .\..\..\..\objs\release/type1cid.obj
         .\..\..\..\objs\release/ftgzip.obj
         .\..\..\..\objs\release/ftlzw.obj
         .\..\..\..\objs\release/pcf.obj
         .\..\..\..\objs\release/pfr.obj
         .\..\..\..\objs\release/psaux.obj
         .\..\..\..\objs\release/pshinter.obj
         .\..\..\..\objs\release/psmodule.obj
         .\..\..\..\objs\release/raster.obj
         .\..\..\..\objs\release/sfnt.obj
         .\..\..\..\objs\release/smooth.obj
         .\..\..\..\objs\release/truetype.obj
         .\..\..\..\objs\release/type1.obj
         .\..\..\..\objs\release/type42.obj
         .\..\..\..\objs\release/winfnt.obj
         .\..\..\..\objs\release/ftdebug.obj
         freetype.vcxproj -> C:\Users\f.fournel\Documents\Visual Studio 2013\Projects\CollisionEngine\Libs\freetype-2.4.10\builds\win32\visualc\.\..\..\..\objs\release\freetype.lib
     1>Génération du projet "C:\Users\f.fournel\Documents\Visual Studio 2013\Projects\CollisionEngine\Libs\freetype-2.4.10\builds\win32\visualc\freetype.vcxproj" terminée (Build cible(s)).

La génération a réussi.

Temps écoulé 00:00:04.94
